<?xml version="1.0" encoding="UTF-8"?>
<testng-results ignored="0" total="4" passed="4" failed="0" skipped="0">
  <reporter-output>
  </reporter-output>
  <suite started-at="2024-03-11T18:37:09Z" name="Default suite" finished-at="2024-03-11T18:37:10Z" duration-ms="42">
    <groups>
    </groups>
    <test started-at="2024-03-11T18:37:09Z" name="Default test" finished-at="2024-03-11T18:37:10Z" duration-ms="42">
      <class name="TestNG.DemoTestNG">
        <test-method signature="demoTest()[pri:0, instance:TestNG.DemoTestNG@4a003cbe]" started-at="2024-03-11T18:37:10Z" name="demoTest" finished-at="2024-03-11T18:37:10Z" duration-ms="15" status="PASS">
          <reporter-output>
          </reporter-output>
        </test-method> <!-- demoTest -->
        <test-method signature="login()[pri:0, instance:TestNG.DemoTestNG@4a003cbe]" started-at="2024-03-11T18:37:10Z" name="login" finished-at="2024-03-11T18:37:10Z" duration-ms="1" status="PASS">
          <reporter-output>
          </reporter-output>
        </test-method> <!-- login -->
        <test-method signature="paymentPage()[pri:0, instance:TestNG.DemoTestNG@4a003cbe]" started-at="2024-03-11T18:37:10Z" name="paymentPage" finished-at="2024-03-11T18:37:10Z" duration-ms="2" status="PASS">
          <reporter-output>
          </reporter-output>
        </test-method> <!-- paymentPage -->
        <test-method signature="searchProduct()[pri:0, instance:TestNG.DemoTestNG@4a003cbe]" started-at="2024-03-11T18:37:10Z" name="searchProduct" finished-at="2024-03-11T18:37:10Z" duration-ms="2" status="PASS">
          <reporter-output>
          </reporter-output>
        </test-method> <!-- searchProduct -->
      </class> <!-- TestNG.DemoTestNG -->
    </test> <!-- Default test -->
  </suite> <!-- Default suite -->
</testng-results>
